[debug] [2021-03-18T13:03:39.153Z] ----------------------------------------------------------------------
[debug] [2021-03-18T13:03:39.156Z] Command:       C:\Program Files\nodejs\node.exe C:\Users\Syd\AppData\Roaming\npm\node_modules\firebase-tools\lib\bin\firebase.js emulators:start --only functions
[debug] [2021-03-18T13:03:39.156Z] CLI Version:   9.4.0
[debug] [2021-03-18T13:03:39.156Z] Platform:      win32
[debug] [2021-03-18T13:03:39.156Z] Node Version:  v12.16.3
[debug] [2021-03-18T13:03:39.158Z] Time:          Thu Mar 18 2021 14:03:39 GMT+0100 (GMT+01:00)
[debug] [2021-03-18T13:03:39.158Z] ----------------------------------------------------------------------
[debug] [2021-03-18T13:03:39.159Z] 
[debug] [2021-03-18T13:03:39.188Z] >>> [apiv2][query] GET https://firebase-public.firebaseio.com/cli.json [none]
[debug] [2021-03-18T13:03:39.303Z] > command requires scopes: ["email","openid","https://www.googleapis.com/auth/cloudplatformprojects.readonly","https://www.googleapis.com/auth/firebase","https://www.googleapis.com/auth/cloud-platform"]
[debug] [2021-03-18T13:03:39.304Z] > authorizing via signed-in user
[info] i  emulators: Starting emulators: functions {"metadata":{"emulator":{"name":"hub"},"message":"Starting emulators: functions"}}
[debug] [2021-03-18T13:03:39.967Z] <<< [apiv2][status] GET https://firebase-public.firebaseio.com/cli.json 200
[debug] [2021-03-18T13:03:39.967Z] <<< [apiv2][body] GET https://firebase-public.firebaseio.com/cli.json {"cloudBuildErrorAfter":1594252800000,"cloudBuildWarnAfter":1590019200000,"defaultNode10After":1594252800000,"minVersion":"3.0.5","node8DeploysDisabledAfter":1613390400000,"node8RuntimeDisabledAfter":1615809600000,"node8WarnAfter":1600128000000}
[debug] [2021-03-18T13:03:41.391Z] [hub] writing locator at C:\Users\Syd\AppData\Local\Temp\hub-studup-dc5db.json
[warn] !  functions: The following emulators are not running, calls to these services from the Functions emulator will affect production: auth, firestore, database, hosting, pubsub {"metadata":{"emulator":{"name":"functions"},"message":"The following emulators are not running, calls to these services from the Functions emulator will affect production: \u001b[1mauth, firestore, database, hosting, pubsub\u001b[22m"}}
[info] +  functions: Using node@12 from host. {"metadata":{"emulator":{"name":"functions"},"message":"Using node@12 from host."}}
[debug] [2021-03-18T13:03:43.511Z] defaultcredentials: writing to file C:\Users\Syd\AppData\Roaming\firebase\sevenzhunter_gmail_com_application_default_credentials.json
[debug] [2021-03-18T13:03:43.524Z] Setting GAC to C:\Users\Syd\AppData\Roaming\firebase\sevenzhunter_gmail_com_application_default_credentials.json {"metadata":{"emulator":{"name":"functions"},"message":"Setting GAC to C:\\Users\\Syd\\AppData\\Roaming\\firebase\\sevenzhunter_gmail_com_application_default_credentials.json"}}
[debug] [2021-03-18T13:03:43.526Z] > refreshing access token with scopes: []
[debug] [2021-03-18T13:03:43.526Z] >>> HTTP REQUEST POST https://www.googleapis.com/oauth2/v3/token  
 <request body omitted>
[debug] [2021-03-18T13:03:43.927Z] <<< HTTP RESPONSE 200 {"pragma":"no-cache","cache-control":"no-cache, no-store, max-age=0, must-revalidate","date":"Thu, 18 Mar 2021 13:03:44 GMT","expires":"Mon, 01 Jan 1990 00:00:00 GMT","content-type":"application/json; charset=utf-8","vary":"X-Origin, Referer, Origin,Accept-Encoding","server":"scaffolding on HTTPServer2","x-xss-protection":"0","x-frame-options":"SAMEORIGIN","x-content-type-options":"nosniff","alt-svc":"h3-29=\":443\"; ma=2592000,h3-T051=\":443\"; ma=2592000,h3-Q050=\":443\"; ma=2592000,h3-Q046=\":443\"; ma=2592000,h3-Q043=\":443\"; ma=2592000,quic=\":443\"; ma=2592000; v=\"46,43\"","accept-ranges":"none","transfer-encoding":"chunked"}
[debug] [2021-03-18T13:03:44.002Z] >>> [apiv2][query] GET https://firebase.googleapis.com/v1beta1/projects/studup-dc5db/adminSdkConfig [none]
[debug] [2021-03-18T13:03:44.518Z] <<< [apiv2][status] GET https://firebase.googleapis.com/v1beta1/projects/studup-dc5db/adminSdkConfig 200
[debug] [2021-03-18T13:03:44.520Z] <<< [apiv2][body] GET https://firebase.googleapis.com/v1beta1/projects/studup-dc5db/adminSdkConfig {"projectId":"studup-dc5db","databaseURL":"https://studup-dc5db-default-rtdb.europe-west1.firebasedatabase.app","storageBucket":"studup-dc5db.appspot.com","locationId":"europe-west"}
[warn] !  ui: Emulator UI unable to start on port 4000, starting on 4003 instead. {"metadata":{"emulator":{"name":"ui"},"message":"Emulator UI unable to start on port 4000, starting on 4003 instead."}}
[debug] [2021-03-18T13:03:46.776Z] Ignoring unsupported arg: auto_download {"metadata":{"emulator":{"name":"ui"},"message":"Ignoring unsupported arg: auto_download"}}
[debug] [2021-03-18T13:03:46.777Z] Ignoring unsupported arg: port {"metadata":{"emulator":{"name":"ui"},"message":"Ignoring unsupported arg: port"}}
[debug] [2021-03-18T13:03:46.777Z] Starting Emulator UI with command {"binary":"node","args":["C:\\Users\\Syd\\.cache\\firebase\\emulators\\ui-v1.4.1\\server.bundle.js"],"optionalArgs":[],"joinArgs":false} {"metadata":{"emulator":{"name":"ui"},"message":"Starting Emulator UI with command {\"binary\":\"node\",\"args\":[\"C:\\\\Users\\\\Syd\\\\.cache\\\\firebase\\\\emulators\\\\ui-v1.4.1\\\\server.bundle.js\"],\"optionalArgs\":[],\"joinArgs\":false}"}}
[info] i  ui: Emulator UI logging to ui-debug.log {"metadata":{"emulator":{"name":"ui"},"message":"Emulator UI logging to \u001b[1mui-debug.log\u001b[22m"}}
[debug] [2021-03-18T13:03:47.383Z] Web / API server started at http://localhost:4003
 {"metadata":{"emulator":{"name":"ui"},"message":"Web / API server started at http://localhost:4003\n"}}
[info] i  functions: Watching "C:\Users\Syd\Desktop\anis\socialNetwork\functions" for Cloud Functions... {"metadata":{"emulator":{"name":"functions"},"message":"Watching \"C:\\Users\\Syd\\Desktop\\anis\\socialNetwork\\functions\" for Cloud Functions..."}}
[debug] [2021-03-18T13:03:47.859Z] [worker-pool] addWorker(~diagnostic~) {"metadata":{"emulator":{"name":"functions"},"message":"[worker-pool] addWorker(~diagnostic~)"}}
[debug] [2021-03-18T13:03:47.860Z] [worker-pool] Adding worker with key ~diagnostic~, total=1 {"metadata":{"emulator":{"name":"functions"},"message":"[worker-pool] Adding worker with key ~diagnostic~, total=1"}}
[debug] [2021-03-18T13:03:47.860Z] [worker-pool] submitWork(triggerId=) {"metadata":{"emulator":{"name":"functions"},"message":"[worker-pool] submitWork(triggerId=)"}}
[debug] [2021-03-18T13:03:47.861Z] [worker-~diagnostic~-a8d52a5a-b571-4902-9668-8fac48a4fa3f]: Assigning socketPath: \\?\pipe\C:\Users\Syd\Desktop\anis\socialNetwork\functions\14560 {"metadata":{"emulator":{"name":"functions"},"message":"[worker-~diagnostic~-a8d52a5a-b571-4902-9668-8fac48a4fa3f]: Assigning socketPath: \\\\?\\pipe\\C:\\Users\\Syd\\Desktop\\anis\\socialNetwork\\functions\\14560"}}
[debug] [2021-03-18T13:03:47.862Z] [worker-~diagnostic~-a8d52a5a-b571-4902-9668-8fac48a4fa3f]: BUSY {"metadata":{"emulator":{"name":"functions"},"message":"[worker-~diagnostic~-a8d52a5a-b571-4902-9668-8fac48a4fa3f]: BUSY"}}
